INFO:     Will watch for changes in these directories: ['/Users/ch4ngs4n1ty/ch4ngs4n1ty GitHub/Music Similarity Data Visualization']
INFO:     Uvicorn running on http://0.0.0.0:8000 (Press CTRL+C to quit)
INFO:     Started reloader process [46327] using StatReload
INFO:     Started server process [46343]
INFO:     Waiting for application startup.
INFO:     Application startup complete.
INFO:     127.0.0.1:51430 - "GET /search?q=Blinding%20Lights%20The%20Weeknd HTTP/1.1" 200 OK
WARNING:  StatReload detected changes in 'main.py'. Reloading...
INFO:     Shutting down
INFO:     Waiting for application shutdown.
INFO:     Application shutdown complete.
INFO:     Finished server process [46343]
INFO:     Started server process [53123]
INFO:     Waiting for application startup.
INFO:     Application startup complete.
WARNING:  StatReload detected changes in 'main.py'. Reloading...
INFO:     Shutting down
INFO:     Waiting for application shutdown.
INFO:     Application shutdown complete.
INFO:     Finished server process [53123]
INFO:     Started server process [53229]
INFO:     Waiting for application startup.
INFO:     Application startup complete.
WARNING:  StatReload detected changes in 'main.py'. Reloading...
INFO:     Shutting down
INFO:     Waiting for application shutdown.
INFO:     Application shutdown complete.
INFO:     Finished server process [53229]
INFO:     Started server process [53794]
INFO:     Waiting for application startup.
INFO:     Application startup complete.
WARNING:  StatReload detected changes in 'main.py'. Reloading...
INFO:     Shutting down
INFO:     Waiting for application shutdown.
INFO:     Application shutdown complete.
INFO:     Finished server process [53794]
INFO:     Started server process [53898]
INFO:     Waiting for application startup.
INFO:     Application startup complete.
INFO:     127.0.0.1:51865 - "GET /docs HTTP/1.1" 200 OK
INFO:     127.0.0.1:51865 - "GET /openapi.json HTTP/1.1" 200 OK
INFO:     127.0.0.1:51865 - "GET /docs HTTP/1.1" 200 OK
INFO:     127.0.0.1:51865 - "GET /openapi.json HTTP/1.1" 200 OK
INFO:     127.0.0.1:51865 - "GET /docs HTTP/1.1" 200 OK
INFO:     127.0.0.1:51865 - "GET /openapi.json HTTP/1.1" 200 OK
INFO:     127.0.0.1:51866 - "GET /docs HTTP/1.1" 200 OK
INFO:     127.0.0.1:51866 - "GET /openapi.json HTTP/1.1" 200 OK
WARNING:  StatReload detected changes in 'main.py'. Reloading...
INFO:     Shutting down
INFO:     Waiting for application shutdown.
INFO:     Application shutdown complete.
INFO:     Finished server process [53898]
INFO:     Started server process [54489]
INFO:     Waiting for application startup.
INFO:     Application startup complete.
